[ACSACOr]
ROSENBROCK
linear
7.707E-03 (1.272E-02)
nonlinear
1.608E-02 (3.625E-02)


SCHWEFEL
linear
5.774E+01 (6.390E+01)
nonlinear
6.355E+01 (6.949E+01)


ACKLEY
linear
6.786E-08 (6.895E-08)
nonlinear
5.138E-08 (6.351E-08)


GRIEWANK
linear
2.317E-02 (1.438E-02)
nonlinear
2.202E-02 (1.295E-02)


HIMMELBLAU
linear
2.616E-03 (1.452E-02)
nonlinear
2.583E-02 (1.139E-01)


[AGDACOr]
ROSENBROCK
linear
5.804E-01 (1.942E+00)
nonlinear
3.406E-02 (1.790E-01)


SCHWEFEL
linear
9.164E+01 (8.908E+01)
nonlinear
6.891E+01 (8.034E+01)


ACKLEY
linear
7.740E-02 (4.401E-01)
nonlinear
5.160E-02 (3.612E-01)


GRIEWANK
linear
6.694E-02 (7.230E-02)
nonlinear
4.059E-02 (4.526E-02)


HIMMELBLAU
linear
5.603E-18 (1.424E-17)
nonlinear
2.899E-18 (1.096E-17)


[ACSACOr]
ROSENBROCK
p-value = 0.10388

SCHWEFEL
p-value = 0.43308

ACKLEY
p-value = 0.03476

GRIEWANK
p-value = 0.82315

HIMMELBLAU
p-value = 0.25222

[AGDACOr]
ROSENBROCK
p-value = 0.00000

SCHWEFEL
p-value = 0.20272

ACKLEY
p-value = 0.00000

GRIEWANK
p-value = 0.01002

HIMMELBLAU
p-value = 0.00725

