[AELACOr]
ROSENBROCK
lin
3.200E-01 (1.410E-01)
sig
2.793E-01 (4.057E-01)
exp
2.238E-01 (8.643E-02)
(p-value) exp v sig = 0.262


SCHWEFEL
lin
2.458E+02 (7.996E+01)
sig
2.323E+02 (8.112E+01)
exp
2.232E+02 (8.420E+01)
(p-value) exp v sig = 0.355


ACKLEY
lin
7.919E-14 (9.903E-14)
sig
3.553E-17 (3.535E-16)
exp
0.000E+00 (0.000E+00)
(p-value) exp v sig = 0.317


GRIEWANK
lin
5.112E-02 (1.988E-02)
sig
4.486E-02 (1.717E-02)
exp
4.470E-02 (1.853E-02)
(p-value) exp v sig = 0.896


[AGDACOr]
ROSENBROCK
lin
5.958E-01 (1.916E+00)
sig
3.453E-01 (1.006E+00)
exp
2.747E-01 (1.070E+00)
(p-value) exp v sig = 0.462


SCHWEFEL
lin
1.669E+02 (1.258E+02)
sig
1.363E+02 (1.116E+02)
exp
1.509E+02 (1.213E+02)
(p-value) sig v exp = 0.417


ACKLEY
lin
2.120E-02 (2.109E-01)
sig
3.553E-16 (1.066E-15)
exp
3.908E-16 (1.112E-15)
(p-value) sig v exp = 0.827


GRIEWANK
lin
4.427E-02 (2.579E-02)
sig
3.815E-02 (2.192E-02)
exp
4.019E-02 (2.381E-02)
(p-value) sig v exp = 0.531


