COST AND TIMING COMPARISON
[ bohachevsky ]
ACOR
Cost: 4.994E-02 (1.725E-01)
Time: 9.055E+00
AELACOR
Cost: 5.183E-02 (1.407E-01)
Time: 9.109E+00
AGDACOR
Cost: 2.591E-02 (1.028E-01)
Time: 8.990E+00
BAACOR
Cost: 2.758E-02 (1.326E-01)
Time: 9.081E+00
AIWPSO
Cost: 4.129E-01 (1.485E-11)
Time: 3.592E+00
ACFSA
Cost: 1.122E+00 (8.607E-01)
Time: 1.035E+01


[ cigar ]
ACOR
Cost: 0.000E+00 (0.000E+00)
Time: 8.290E+00
AELACOR
Cost: 0.000E+00 (0.000E+00)
Time: 8.382E+00
AGDACOR
Cost: 0.000E+00 (0.000E+00)
Time: 8.285E+00
BAACOR
Cost: 0.000E+00 (0.000E+00)
Time: 8.257E+00
AIWPSO
Cost: 2.001E-163 (0.000E+00)
Time: 2.819E+00
ACFSA
Cost: 2.339E-04 (2.311E-03)
Time: 1.038E+01


[ rastrigin ]
ACOR
Cost: 1.522E+00 (1.246E+00)
Time: 8.557E+00
AELACOR
Cost: 1.443E+00 (1.155E+00)
Time: 8.787E+00
AGDACOR
Cost: 1.144E+00 (1.056E+00)
Time: 8.746E+00
BAACOR
Cost: 8.855E-01 (8.662E-01)
Time: 8.638E+00
AIWPSO
Cost: 6.394E-03 (0.000E+00)
Time: 3.181E+00
ACFSA
Cost: 2.419E+01 (1.321E+01)
Time: 1.030E+01


[ schaffer ]
ACOR
Cost: 3.386E-03 (7.420E-03)
Time: 9.375E+00
AELACOR
Cost: 2.842E-03 (6.258E-03)
Time: 9.433E+00
AGDACOR
Cost: 2.090E-03 (5.412E-03)
Time: 9.471E+00
BAACOR
Cost: 2.369E-03 (6.476E-03)
Time: 9.371E+00
AIWPSO
Cost: 6.083E+00 (2.316E-01)
Time: 3.759E+00
ACFSA
Cost: 1.708E+01 (3.266E+00)
Time: 1.146E+01


[ sphere ]
ACOR
Cost: 0.000E+00 (0.000E+00)
Time: 8.092E+00
AELACOR
Cost: 0.000E+00 (0.000E+00)
Time: 8.211E+00
AGDACOR
Cost: 0.000E+00 (0.000E+00)
Time: 8.066E+00
BAACOR
Cost: 0.000E+00 (0.000E+00)
Time: 8.192E+00
AIWPSO
Cost: 4.918E-223 (0.000E+00)
Time: 2.696E+00
ACFSA
Cost: 2.093E-05 (2.066E-04)
Time: 9.954E+00


[ himmelblau ]
ACOR
Cost: 2.367E-31 (3.615E-31)
Time: 8.394E+00
AELACOR
Cost: 2.524E-31 (3.680E-31)
Time: 8.451E+00
AGDACOR
Cost: 2.998E-31 (3.829E-31)
Time: 8.420E+00
BAACOR
Cost: 2.682E-31 (3.737E-31)
Time: 8.411E+00
AIWPSO
Cost: 0.000E+00 (0.000E+00)
Time: 2.835E+00
ACFSA
Cost: 2.971E-06 (2.953E-05)
Time: 7.987E+00




STATTISTICAL SIGNIFICANCE BETWEEN ACOr VARIATIONS
[ 5 bohachevsky ]
ACOr v AELACOr: 0.8736
ACOr v AGDACOr: 0.1444
ACOr v BAACOr: 0.2639
[ 6 cigar ]
ACOr v AELACOr: Unavailable
ACOr v AGDACOr: Unavailable
ACOr v BAACOr: Unavailable
[ 10 rastrigin ]
ACOr v AELACOr: 0.8385
ACOr v AGDACOr: 0.0238
ACOr v BAACOr: 0.0001
[ 8 schaffer ]
ACOr v AELACOr: 0.6225
ACOr v AGDACOr: 0.1933
ACOr v BAACOr: 0.2078
[ 9 sphere ]
ACOr v AELACOr: Unavailable
ACOr v AGDACOr: Unavailable
ACOr v BAACOr: Unavailable
[ 7 himmelblau ]
ACOr v AELACOr: 0.7576
ACOr v AGDACOr: 0.2059
ACOr v BAACOr: 0.5050
